Сборка начата 11.06.2019 23:04:44.
     1>Проект "D:\Programmes files 7\GitHub\Repositories\GIT_team\TheSber\TheSber\TheSber.vcxproj" в узле 2 (целевые объекты Build).
     1>ClCompile:
         D:\Programmes files 7\Visual Studio 2013\Program\VC\bin\CL.exe /c /ZI /nologo /W3 /WX- /sdl /Od /Oy- /D WIN32 /D _DEBUG /D _CONSOLE /D _LIB /D _UNICODE /D UNICODE /Gm /EHsc /RTC1 /MDd /GS /fp:precise /Zc:wchar_t /Zc:forScope /Fo"Debug\\" /Fd"Debug\vc120.pdb" /Gd /TP /analyze- /errorReport:prompt TheMain.cpp Timer.cpp
         Timer.cpp
     1>d:\programmes files 7\github\repositories\git_team\thesber\thesber\timer.cpp(46): warning C4244: аргумент: преобразование "time_t" в "unsigned int", возможна потеря данных
     1>d:\programmes files 7\github\repositories\git_team\thesber\thesber\timer.cpp(104): warning C4244: аргумент: преобразование "double" в "float", возможна потеря данных
     1>d:\programmes files 7\github\repositories\git_team\thesber\thesber\timer.cpp(28): warning C4101: infoString: неиспользованная локальная переменная
     1>d:\programmes files 7\github\repositories\git_team\thesber\thesber\timer.cpp(26): warning C4101: transferRecipient: неиспользованная локальная переменная
     1>d:\programmes files 7\github\repositories\git_team\thesber\thesber\timer.cpp(28): warning C4101: clientName: неиспользованная локальная переменная
     1>d:\programmes files 7\github\repositories\git_team\thesber\thesber\timer.cpp(26): warning C4101: customerNumber: неиспользованная локальная переменная
     1>d:\programmes files 7\github\repositories\git_team\thesber\thesber\timer.cpp(28): warning C4101: clientSurname: неиспользованная локальная переменная
     1>d:\programmes files 7\github\repositories\git_team\thesber\thesber\timer.cpp(134): warning C4101: temp: неиспользованная локальная переменная
         TheMain.cpp
     1>d:\programmes files 7\github\repositories\git_team\thesber\thesber\themain.cpp(58): warning C4101: surname: неиспользованная локальная переменная
     1>d:\programmes files 7\github\repositories\git_team\thesber\thesber\themain.cpp(57): warning C4101: name: неиспользованная локальная переменная
         Создание кода...
       Link:
         D:\Programmes files 7\Visual Studio 2013\Program\VC\bin\link.exe /ERRORREPORT:PROMPT /OUT:"D:\Programmes files 7\GitHub\Repositories\GIT_team\TheSber\Debug\TheSber.exe" /INCREMENTAL /NOLOGO kernel32.lib user32.lib gdi32.lib winspool.lib comdlg32.lib advapi32.lib shell32.lib ole32.lib oleaut32.lib uuid.lib odbc32.lib odbccp32.lib /MANIFEST /MANIFESTUAC:"level='asInvoker' uiAccess='false'" /manifest:embed /DEBUG /PDB:"D:\Programmes files 7\GitHub\Repositories\GIT_team\TheSber\Debug\TheSber.pdb" /SUBSYSTEM:CONSOLE /TLBID:1 /DYNAMICBASE /NXCOMPAT /IMPLIB:"D:\Programmes files 7\GitHub\Repositories\GIT_team\TheSber\Debug\TheSber.lib" /MACHINE:X86 Debug\Customer.obj
         Debug\Operations.obj
         Debug\TheMain.obj
         Debug\Timer.obj
     1>Timer.obj : error LNK2019: ссылка на неразрешенный внешний символ "int __cdecl checkID(struct Customer *,int)" (?checkID@@YAHPAUCustomer@@H@Z) в функции "int __cdecl getExistingID(struct Customer *)" (?getExistingID@@YAHPAUCustomer@@@Z)
     1>D:\Programmes files 7\GitHub\Repositories\GIT_team\TheSber\Debug\TheSber.exe : fatal error LNK1120: неразрешенных внешних элементов: 1
     1>Сборка проекта "D:\Programmes files 7\GitHub\Repositories\GIT_team\TheSber\TheSber\TheSber.vcxproj" завершена (целевые объекты Build) с ошибкой.

Ошибка сборки.

Затраченное время: 00:00:00.95
